2016-04-10 16:40:44,186 [Worker-0] INFO  o.e.m.c.i.e.AbstractTransferListenerAdapter - Downloading https://repo.maven.apache.org/maven2/org/apache/maven/plugins/maven-clean-plugin/2.5/maven-clean-plugin-2.5.jar
2016-04-10 16:40:44,302 [Worker-0] INFO  o.e.m.c.i.e.AbstractTransferListenerAdapter - Downloaded https://repo.maven.apache.org/maven2/org/apache/maven/plugins/maven-clean-plugin/2.5/maven-clean-plugin-2.5.jar
2016-04-10 16:40:45,103 [Worker-0] INFO  o.e.m.c.i.e.AbstractTransferListenerAdapter - Downloading https://repo.maven.apache.org/maven2/org/apache/maven/plugins/maven-deploy-plugin/2.7/maven-deploy-plugin-2.7.jar
2016-04-10 16:40:45,191 [Worker-0] INFO  o.e.m.c.i.e.AbstractTransferListenerAdapter - Downloaded https://repo.maven.apache.org/maven2/org/apache/maven/plugins/maven-deploy-plugin/2.7/maven-deploy-plugin-2.7.jar
2016-04-10 16:40:45,551 [Worker-0] INFO  o.e.m.c.i.e.AbstractTransferListenerAdapter - Downloading https://repo.maven.apache.org/maven2/org/apache/maven/plugins/maven-site-plugin/3.3/maven-site-plugin-3.3.jar
2016-04-10 16:40:45,832 [Worker-0] INFO  o.e.m.c.i.e.AbstractTransferListenerAdapter - Downloaded https://repo.maven.apache.org/maven2/org/apache/maven/plugins/maven-site-plugin/3.3/maven-site-plugin-3.3.jar
2016-04-10 16:40:57,302 [Worker-0] INFO  o.e.m.c.i.l.LifecycleMappingFactory - Using org.maven.ide.eclipse.wtp.WarLifecycleMapping lifecycle mapping for MavenProject: PlantPlaces:PlantPlaces:0.0.1-SNAPSHOT @ C:\git\PlantPlace\pom.xml.
2016-04-10 16:40:58,544 [Worker-0] INFO  o.e.m.c.i.e.AbstractTransferListenerAdapter - Downloaded http://repository.primefaces.org/javax/faces/javax.faces-api/2.1/javax.faces-api-2.1.pom
2016-04-10 16:40:58,616 [Worker-0] INFO  o.e.m.c.i.e.AbstractTransferListenerAdapter - Downloading https://repo.maven.apache.org/maven2/javax/faces/javax.faces-api/2.1/javax.faces-api-2.1.pom
2016-04-10 16:40:58,676 [Worker-0] INFO  o.e.m.c.i.e.AbstractTransferListenerAdapter - Downloaded https://repo.maven.apache.org/maven2/javax/faces/javax.faces-api/2.1/javax.faces-api-2.1.pom
2016-04-10 16:41:01,961 [Worker-0] INFO  o.e.m.c.i.e.AbstractTransferListenerAdapter - Downloaded http://repository.primefaces.org/javax/faces/javax.faces-api/2.1/javax.faces-api-2.1.jar
2016-04-10 16:41:02,027 [Worker-0] INFO  o.e.m.c.i.e.AbstractTransferListenerAdapter - Downloading https://repo.maven.apache.org/maven2/javax/faces/javax.faces-api/2.1/javax.faces-api-2.1.jar
2016-04-10 16:41:02,251 [Worker-0] INFO  o.e.m.c.i.e.AbstractTransferListenerAdapter - Downloaded https://repo.maven.apache.org/maven2/javax/faces/javax.faces-api/2.1/javax.faces-api-2.1.jar
2016-04-10 16:41:17,363 [Worker-0] WARN  o.e.m.c.i.embedder.EclipseLogger - Using platform encoding (Cp1252 actually) to copy filtered resources, i.e. build is platform dependent!
2016-04-10 16:41:17,370 [Worker-0] INFO  o.e.m.c.i.embedder.EclipseLogger - skip non existing resourceDirectory C:\git\PlantPlace\src\main\resources
2016-04-10 16:41:17,380 [Worker-0] WARN  o.e.m.c.i.embedder.EclipseLogger - Using platform encoding (Cp1252 actually) to copy filtered resources, i.e. build is platform dependent!
2016-04-10 16:41:17,383 [Worker-0] INFO  o.e.m.c.i.embedder.EclipseLogger - skip non existing resourceDirectory C:\git\PlantPlace\src\test\resources
2016-04-10 16:41:37,009 [Worker-2] WARN  o.e.m.c.i.embedder.EclipseLogger - Using platform encoding (Cp1252 actually) to copy filtered resources, i.e. build is platform dependent!
2016-04-10 16:41:37,013 [Worker-2] INFO  o.e.m.c.i.embedder.EclipseLogger - skip non existing resourceDirectory C:\git\PlantPlace\src\main\resources
2016-04-10 16:41:37,017 [Worker-2] WARN  o.e.m.c.i.embedder.EclipseLogger - Using platform encoding (Cp1252 actually) to copy filtered resources, i.e. build is platform dependent!
2016-04-10 16:41:37,020 [Worker-2] INFO  o.e.m.c.i.embedder.EclipseLogger - skip non existing resourceDirectory C:\git\PlantPlace\src\test\resources
2016-04-10 16:41:37,965 [Worker-2] INFO  o.e.m.c.i.l.LifecycleMappingFactory - Using org.maven.ide.eclipse.wtp.WarLifecycleMapping lifecycle mapping for MavenProject: PlantPlaces:PlantPlaces:0.0.1-SNAPSHOT @ C:\git\PlantPlaces\pom.xml.
2016-04-10 16:41:38,149 [Worker-2] INFO  o.e.m.c.i.e.AbstractTransferListenerAdapter - Downloaded http://repository.primefaces.org/org/springframework/spring-context/4.2.5.RELEASE/spring-context-4.2.5.RELEASE.pom
2016-04-10 16:41:38,428 [Worker-2] INFO  o.e.m.c.i.e.AbstractTransferListenerAdapter - Downloading https://repo.maven.apache.org/maven2/org/springframework/spring-context/4.2.5.RELEASE/spring-context-4.2.5.RELEASE.pom
2016-04-10 16:41:38,469 [Worker-2] INFO  o.e.m.c.i.e.AbstractTransferListenerAdapter - Downloaded https://repo.maven.apache.org/maven2/org/springframework/spring-context/4.2.5.RELEASE/spring-context-4.2.5.RELEASE.pom
2016-04-10 16:41:38,587 [Worker-2] INFO  o.e.m.c.i.e.AbstractTransferListenerAdapter - Downloaded http://repository.primefaces.org/org/springframework/spring-aop/4.2.5.RELEASE/spring-aop-4.2.5.RELEASE.pom
2016-04-10 16:41:38,627 [Worker-2] INFO  o.e.m.c.i.e.AbstractTransferListenerAdapter - Downloading https://repo.maven.apache.org/maven2/org/springframework/spring-aop/4.2.5.RELEASE/spring-aop-4.2.5.RELEASE.pom
2016-04-10 16:41:38,668 [Worker-2] INFO  o.e.m.c.i.e.AbstractTransferListenerAdapter - Downloaded https://repo.maven.apache.org/maven2/org/springframework/spring-aop/4.2.5.RELEASE/spring-aop-4.2.5.RELEASE.pom
2016-04-10 16:41:38,837 [Worker-2] INFO  o.e.m.c.i.e.AbstractTransferListenerAdapter - Downloaded http://repository.primefaces.org/org/springframework/spring-beans/4.2.5.RELEASE/spring-beans-4.2.5.RELEASE.pom
2016-04-10 16:41:38,873 [Worker-2] INFO  o.e.m.c.i.e.AbstractTransferListenerAdapter - Downloading https://repo.maven.apache.org/maven2/org/springframework/spring-beans/4.2.5.RELEASE/spring-beans-4.2.5.RELEASE.pom
2016-04-10 16:41:38,925 [Worker-2] INFO  o.e.m.c.i.e.AbstractTransferListenerAdapter - Downloaded https://repo.maven.apache.org/maven2/org/springframework/spring-beans/4.2.5.RELEASE/spring-beans-4.2.5.RELEASE.pom
2016-04-10 16:41:39,058 [Worker-2] INFO  o.e.m.c.i.e.AbstractTransferListenerAdapter - Downloaded http://repository.primefaces.org/org/springframework/spring-core/4.2.5.RELEASE/spring-core-4.2.5.RELEASE.pom
2016-04-10 16:41:39,100 [Worker-2] INFO  o.e.m.c.i.e.AbstractTransferListenerAdapter - Downloading https://repo.maven.apache.org/maven2/org/springframework/spring-core/4.2.5.RELEASE/spring-core-4.2.5.RELEASE.pom
2016-04-10 16:41:39,154 [Worker-2] INFO  o.e.m.c.i.e.AbstractTransferListenerAdapter - Downloaded https://repo.maven.apache.org/maven2/org/springframework/spring-core/4.2.5.RELEASE/spring-core-4.2.5.RELEASE.pom
2016-04-10 16:41:39,352 [Worker-2] INFO  o.e.m.c.i.e.AbstractTransferListenerAdapter - Downloaded http://repository.primefaces.org/org/springframework/spring-expression/4.2.5.RELEASE/spring-expression-4.2.5.RELEASE.pom
2016-04-10 16:41:39,386 [Worker-2] INFO  o.e.m.c.i.e.AbstractTransferListenerAdapter - Downloading https://repo.maven.apache.org/maven2/org/springframework/spring-expression/4.2.5.RELEASE/spring-expression-4.2.5.RELEASE.pom
2016-04-10 16:41:39,429 [Worker-2] INFO  o.e.m.c.i.e.AbstractTransferListenerAdapter - Downloaded https://repo.maven.apache.org/maven2/org/springframework/spring-expression/4.2.5.RELEASE/spring-expression-4.2.5.RELEASE.pom
2016-04-10 16:41:39,552 [Worker-2] INFO  o.e.m.c.i.e.AbstractTransferListenerAdapter - Downloaded http://repository.primefaces.org/org/springframework/spring-web/4.2.5.RELEASE/spring-web-4.2.5.RELEASE.pom
2016-04-10 16:41:39,586 [Worker-2] INFO  o.e.m.c.i.e.AbstractTransferListenerAdapter - Downloading https://repo.maven.apache.org/maven2/org/springframework/spring-web/4.2.5.RELEASE/spring-web-4.2.5.RELEASE.pom
2016-04-10 16:41:39,655 [Worker-2] INFO  o.e.m.c.i.e.AbstractTransferListenerAdapter - Downloaded https://repo.maven.apache.org/maven2/org/springframework/spring-web/4.2.5.RELEASE/spring-web-4.2.5.RELEASE.pom
2016-04-10 16:41:39,788 [Worker-2] INFO  o.e.m.c.i.e.AbstractTransferListenerAdapter - Downloaded http://repository.primefaces.org/org/primefaces/primefaces/5.3/primefaces-5.3.pom
2016-04-10 16:41:39,846 [Worker-2] INFO  o.e.m.c.i.e.AbstractTransferListenerAdapter - Downloading https://repo.maven.apache.org/maven2/org/primefaces/primefaces/5.3/primefaces-5.3.pom
2016-04-10 16:41:39,905 [Worker-2] INFO  o.e.m.c.i.e.AbstractTransferListenerAdapter - Downloaded https://repo.maven.apache.org/maven2/org/primefaces/primefaces/5.3/primefaces-5.3.pom
2016-04-10 16:41:40,130 [Worker-2] INFO  o.e.m.c.i.e.AbstractTransferListenerAdapter - Downloaded http://repository.primefaces.org/org/primefaces/extensions/all-themes/1.0.8/all-themes-1.0.8.pom
2016-04-10 16:41:40,172 [Worker-2] INFO  o.e.m.c.i.e.AbstractTransferListenerAdapter - Downloading https://repo.maven.apache.org/maven2/org/primefaces/extensions/all-themes/1.0.8/all-themes-1.0.8.pom
2016-04-10 16:41:40,212 [Worker-2] INFO  o.e.m.c.i.e.AbstractTransferListenerAdapter - Downloaded https://repo.maven.apache.org/maven2/org/primefaces/extensions/all-themes/1.0.8/all-themes-1.0.8.pom
2016-04-10 16:41:40,337 [Worker-2] INFO  o.e.m.c.i.e.AbstractTransferListenerAdapter - Downloaded http://repository.primefaces.org/org/primefaces/extensions/master-pom/1.1.0/master-pom-1.1.0.pom
2016-04-10 16:41:40,393 [Worker-2] INFO  o.e.m.c.i.e.AbstractTransferListenerAdapter - Downloading https://repo.maven.apache.org/maven2/org/primefaces/extensions/master-pom/1.1.0/master-pom-1.1.0.pom
2016-04-10 16:41:40,437 [Worker-2] INFO  o.e.m.c.i.e.AbstractTransferListenerAdapter - Downloaded https://repo.maven.apache.org/maven2/org/primefaces/extensions/master-pom/1.1.0/master-pom-1.1.0.pom
2016-04-10 16:41:41,207 [Worker-2] INFO  o.e.m.c.i.e.AbstractTransferListenerAdapter - Downloading http://repository.primefaces.org/org/primefaces/themes/afterdark/1.0.8/afterdark-1.0.8.pom
2016-04-10 16:41:41,262 [Worker-2] INFO  o.e.m.c.i.e.AbstractTransferListenerAdapter - Downloaded http://repository.primefaces.org/org/primefaces/themes/afterdark/1.0.8/afterdark-1.0.8.pom
2016-04-10 16:41:41,331 [Worker-2] INFO  o.e.m.c.i.e.AbstractTransferListenerAdapter - Downloading http://repository.primefaces.org/org/primefaces/themes/themes-project/1.0.8/themes-project-1.0.8.pom
2016-04-10 16:41:41,382 [Worker-2] INFO  o.e.m.c.i.e.AbstractTransferListenerAdapter - Downloaded http://repository.primefaces.org/org/primefaces/themes/themes-project/1.0.8/themes-project-1.0.8.pom
2016-04-10 16:41:41,488 [Worker-2] INFO  o.e.m.c.i.e.AbstractTransferListenerAdapter - Downloading http://repository.primefaces.org/org/primefaces/themes/afternoon/1.0.8/afternoon-1.0.8.pom
2016-04-10 16:41:41,534 [Worker-2] INFO  o.e.m.c.i.e.AbstractTransferListenerAdapter - Downloaded http://repository.primefaces.org/org/primefaces/themes/afternoon/1.0.8/afternoon-1.0.8.pom
2016-04-10 16:41:41,622 [Worker-2] INFO  o.e.m.c.i.e.AbstractTransferListenerAdapter - Downloading http://repository.primefaces.org/org/primefaces/themes/afterwork/1.0.8/afterwork-1.0.8.pom
2016-04-10 16:41:41,678 [Worker-2] INFO  o.e.m.c.i.e.AbstractTransferListenerAdapter - Downloaded http://repository.primefaces.org/org/primefaces/themes/afterwork/1.0.8/afterwork-1.0.8.pom
2016-04-10 16:41:41,759 [Worker-2] INFO  o.e.m.c.i.e.AbstractTransferListenerAdapter - Downloading http://repository.primefaces.org/org/primefaces/themes/black-tie/1.0.8/black-tie-1.0.8.pom
2016-04-10 16:41:41,803 [Worker-2] INFO  o.e.m.c.i.e.AbstractTransferListenerAdapter - Downloaded http://repository.primefaces.org/org/primefaces/themes/black-tie/1.0.8/black-tie-1.0.8.pom
2016-04-10 16:41:41,880 [Worker-2] INFO  o.e.m.c.i.e.AbstractTransferListenerAdapter - Downloading http://repository.primefaces.org/org/primefaces/themes/blitzer/1.0.8/blitzer-1.0.8.pom
2016-04-10 16:41:41,921 [Worker-2] INFO  o.e.m.c.i.e.AbstractTransferListenerAdapter - Downloaded http://repository.primefaces.org/org/primefaces/themes/blitzer/1.0.8/blitzer-1.0.8.pom
2016-04-10 16:41:42,000 [Worker-2] INFO  o.e.m.c.i.e.AbstractTransferListenerAdapter - Downloading http://repository.primefaces.org/org/primefaces/themes/bluesky/1.0.8/bluesky-1.0.8.pom
2016-04-10 16:41:42,065 [Worker-2] INFO  o.e.m.c.i.e.AbstractTransferListenerAdapter - Downloaded http://repository.primefaces.org/org/primefaces/themes/bluesky/1.0.8/bluesky-1.0.8.pom
2016-04-10 16:41:42,135 [Worker-2] INFO  o.e.m.c.i.e.AbstractTransferListenerAdapter - Downloading http://repository.primefaces.org/org/primefaces/themes/bootstrap/1.0.8/bootstrap-1.0.8.pom
2016-04-10 16:41:42,184 [Worker-2] INFO  o.e.m.c.i.e.AbstractTransferListenerAdapter - Downloaded http://repository.primefaces.org/org/primefaces/themes/bootstrap/1.0.8/bootstrap-1.0.8.pom
2016-04-10 16:41:42,266 [Worker-2] INFO  o.e.m.c.i.e.AbstractTransferListenerAdapter - Downloading http://repository.primefaces.org/org/primefaces/themes/casablanca/1.0.8/casablanca-1.0.8.pom
2016-04-10 16:41:42,316 [Worker-2] INFO  o.e.m.c.i.e.AbstractTransferListenerAdapter - Downloaded http://repository.primefaces.org/org/primefaces/themes/casablanca/1.0.8/casablanca-1.0.8.pom
2016-04-10 16:41:42,402 [Worker-2] INFO  o.e.m.c.i.e.AbstractTransferListenerAdapter - Downloading http://repository.primefaces.org/org/primefaces/themes/cruze/1.0.8/cruze-1.0.8.pom
2016-04-10 16:41:42,447 [Worker-2] INFO  o.e.m.c.i.e.AbstractTransferListenerAdapter - Downloaded http://repository.primefaces.org/org/primefaces/themes/cruze/1.0.8/cruze-1.0.8.pom
2016-04-10 16:41:42,527 [Worker-2] INFO  o.e.m.c.i.e.AbstractTransferListenerAdapter - Downloading http://repository.primefaces.org/org/primefaces/themes/cupertino/1.0.8/cupertino-1.0.8.pom
2016-04-10 16:41:42,582 [Worker-2] INFO  o.e.m.c.i.e.AbstractTransferListenerAdapter - Downloaded http://repository.primefaces.org/org/primefaces/themes/cupertino/1.0.8/cupertino-1.0.8.pom
2016-04-10 16:41:42,665 [Worker-2] INFO  o.e.m.c.i.e.AbstractTransferListenerAdapter - Downloading http://repository.primefaces.org/org/primefaces/themes/dark-hive/1.0.8/dark-hive-1.0.8.pom
2016-04-10 16:41:42,720 [Worker-2] INFO  o.e.m.c.i.e.AbstractTransferListenerAdapter - Downloaded http://repository.primefaces.org/org/primefaces/themes/dark-hive/1.0.8/dark-hive-1.0.8.pom
2016-04-10 16:41:42,812 [Worker-2] INFO  o.e.m.c.i.e.AbstractTransferListenerAdapter - Downloading http://repository.primefaces.org/org/primefaces/themes/dot-luv/1.0.8/dot-luv-1.0.8.pom
2016-04-10 16:41:42,861 [Worker-2] INFO  o.e.m.c.i.e.AbstractTransferListenerAdapter - Downloaded http://repository.primefaces.org/org/primefaces/themes/dot-luv/1.0.8/dot-luv-1.0.8.pom
2016-04-10 16:41:42,954 [Worker-2] INFO  o.e.m.c.i.e.AbstractTransferListenerAdapter - Downloading http://repository.primefaces.org/org/primefaces/themes/eggplant/1.0.8/eggplant-1.0.8.pom
2016-04-10 16:41:43,020 [Worker-2] INFO  o.e.m.c.i.e.AbstractTransferListenerAdapter - Downloaded http://repository.primefaces.org/org/primefaces/themes/eggplant/1.0.8/eggplant-1.0.8.pom
2016-04-10 16:41:43,102 [Worker-2] INFO  o.e.m.c.i.e.AbstractTransferListenerAdapter - Downloading http://repository.primefaces.org/org/primefaces/themes/excite-bike/1.0.8/excite-bike-1.0.8.pom
2016-04-10 16:41:43,148 [Worker-2] INFO  o.e.m.c.i.e.AbstractTransferListenerAdapter - Downloaded http://repository.primefaces.org/org/primefaces/themes/excite-bike/1.0.8/excite-bike-1.0.8.pom
2016-04-10 16:41:43,230 [Worker-2] INFO  o.e.m.c.i.e.AbstractTransferListenerAdapter - Downloading http://repository.primefaces.org/org/primefaces/themes/flick/1.0.8/flick-1.0.8.pom
2016-04-10 16:41:43,282 [Worker-2] INFO  o.e.m.c.i.e.AbstractTransferListenerAdapter - Downloaded http://repository.primefaces.org/org/primefaces/themes/flick/1.0.8/flick-1.0.8.pom
2016-04-10 16:41:43,374 [Worker-2] INFO  o.e.m.c.i.e.AbstractTransferListenerAdapter - Downloading http://repository.primefaces.org/org/primefaces/themes/glass-x/1.0.8/glass-x-1.0.8.pom
2016-04-10 16:41:43,420 [Worker-2] INFO  o.e.m.c.i.e.AbstractTransferListenerAdapter - Downloaded http://repository.primefaces.org/org/primefaces/themes/glass-x/1.0.8/glass-x-1.0.8.pom
2016-04-10 16:41:43,495 [Worker-2] INFO  o.e.m.c.i.e.AbstractTransferListenerAdapter - Downloading http://repository.primefaces.org/org/primefaces/themes/hot-sneaks/1.0.8/hot-sneaks-1.0.8.pom
2016-04-10 16:41:43,541 [Worker-2] INFO  o.e.m.c.i.e.AbstractTransferListenerAdapter - Downloaded http://repository.primefaces.org/org/primefaces/themes/hot-sneaks/1.0.8/hot-sneaks-1.0.8.pom
2016-04-10 16:41:43,626 [Worker-2] INFO  o.e.m.c.i.e.AbstractTransferListenerAdapter - Downloading http://repository.primefaces.org/org/primefaces/themes/humanity/1.0.8/humanity-1.0.8.pom
2016-04-10 16:41:43,686 [Worker-2] INFO  o.e.m.c.i.e.AbstractTransferListenerAdapter - Downloaded http://repository.primefaces.org/org/primefaces/themes/humanity/1.0.8/humanity-1.0.8.pom
2016-04-10 16:41:43,798 [Worker-2] INFO  o.e.m.c.i.e.AbstractTransferListenerAdapter - Downloading http://repository.primefaces.org/org/primefaces/themes/le-frog/1.0.8/le-frog-1.0.8.pom
2016-04-10 16:41:43,839 [Worker-2] INFO  o.e.m.c.i.e.AbstractTransferListenerAdapter - Downloaded http://repository.primefaces.org/org/primefaces/themes/le-frog/1.0.8/le-frog-1.0.8.pom
2016-04-10 16:41:43,945 [Worker-2] INFO  o.e.m.c.i.e.AbstractTransferListenerAdapter - Downloading http://repository.primefaces.org/org/primefaces/themes/midnight/1.0.8/midnight-1.0.8.pom
2016-04-10 16:41:43,994 [Worker-2] INFO  o.e.m.c.i.e.AbstractTransferListenerAdapter - Downloaded http://repository.primefaces.org/org/primefaces/themes/midnight/1.0.8/midnight-1.0.8.pom
2016-04-10 16:41:44,073 [Worker-2] INFO  o.e.m.c.i.e.AbstractTransferListenerAdapter - Downloading http://repository.primefaces.org/org/primefaces/themes/mint-choc/1.0.8/mint-choc-1.0.8.pom
2016-04-10 16:41:44,135 [Worker-2] INFO  o.e.m.c.i.e.AbstractTransferListenerAdapter - Downloaded http://repository.primefaces.org/org/primefaces/themes/mint-choc/1.0.8/mint-choc-1.0.8.pom
2016-04-10 16:41:44,284 [Worker-2] INFO  o.e.m.c.i.e.AbstractTransferListenerAdapter - Downloading http://repository.primefaces.org/org/primefaces/themes/overcast/1.0.8/overcast-1.0.8.pom
2016-04-10 16:41:44,462 [Worker-2] INFO  o.e.m.c.i.e.AbstractTransferListenerAdapter - Downloaded http://repository.primefaces.org/org/primefaces/themes/overcast/1.0.8/overcast-1.0.8.pom
2016-04-10 16:41:44,567 [Worker-2] INFO  o.e.m.c.i.e.AbstractTransferListenerAdapter - Downloading http://repository.primefaces.org/org/primefaces/themes/pepper-grinder/1.0.8/pepper-grinder-1.0.8.pom
2016-04-10 16:41:44,609 [Worker-2] INFO  o.e.m.c.i.e.AbstractTransferListenerAdapter - Downloaded http://repository.primefaces.org/org/primefaces/themes/pepper-grinder/1.0.8/pepper-grinder-1.0.8.pom
2016-04-10 16:41:44,719 [Worker-2] INFO  o.e.m.c.i.e.AbstractTransferListenerAdapter - Downloading http://repository.primefaces.org/org/primefaces/themes/redmond/1.0.8/redmond-1.0.8.pom
2016-04-10 16:41:44,764 [Worker-2] INFO  o.e.m.c.i.e.AbstractTransferListenerAdapter - Downloaded http://repository.primefaces.org/org/primefaces/themes/redmond/1.0.8/redmond-1.0.8.pom
2016-04-10 16:41:44,835 [Worker-2] INFO  o.e.m.c.i.e.AbstractTransferListenerAdapter - Downloading http://repository.primefaces.org/org/primefaces/themes/rocket/1.0.8/rocket-1.0.8.pom
2016-04-10 16:41:44,876 [Worker-2] INFO  o.e.m.c.i.e.AbstractTransferListenerAdapter - Downloaded http://repository.primefaces.org/org/primefaces/themes/rocket/1.0.8/rocket-1.0.8.pom
2016-04-10 16:41:44,974 [Worker-2] INFO  o.e.m.c.i.e.AbstractTransferListenerAdapter - Downloading http://repository.primefaces.org/org/primefaces/themes/sam/1.0.8/sam-1.0.8.pom
2016-04-10 16:41:45,017 [Worker-2] INFO  o.e.m.c.i.e.AbstractTransferListenerAdapter - Downloaded http://repository.primefaces.org/org/primefaces/themes/sam/1.0.8/sam-1.0.8.pom
2016-04-10 16:41:45,104 [Worker-2] INFO  o.e.m.c.i.e.AbstractTransferListenerAdapter - Downloading http://repository.primefaces.org/org/primefaces/themes/smoothness/1.0.8/smoothness-1.0.8.pom
2016-04-10 16:41:45,148 [Worker-2] INFO  o.e.m.c.i.e.AbstractTransferListenerAdapter - Downloaded http://repository.primefaces.org/org/primefaces/themes/smoothness/1.0.8/smoothness-1.0.8.pom
2016-04-10 16:41:45,236 [Worker-2] INFO  o.e.m.c.i.e.AbstractTransferListenerAdapter - Downloading http://repository.primefaces.org/org/primefaces/themes/south-street/1.0.8/south-street-1.0.8.pom
2016-04-10 16:41:45,291 [Worker-2] INFO  o.e.m.c.i.e.AbstractTransferListenerAdapter - Downloaded http://repository.primefaces.org/org/primefaces/themes/south-street/1.0.8/south-street-1.0.8.pom
2016-04-10 16:41:45,369 [Worker-2] INFO  o.e.m.c.i.e.AbstractTransferListenerAdapter - Downloading http://repository.primefaces.org/org/primefaces/themes/start/1.0.8/start-1.0.8.pom
2016-04-10 16:41:45,411 [Worker-2] INFO  o.e.m.c.i.e.AbstractTransferListenerAdapter - Downloaded http://repository.primefaces.org/org/primefaces/themes/start/1.0.8/start-1.0.8.pom
2016-04-10 16:41:45,485 [Worker-2] INFO  o.e.m.c.i.e.AbstractTransferListenerAdapter - Downloading http://repository.primefaces.org/org/primefaces/themes/sunny/1.0.8/sunny-1.0.8.pom
2016-04-10 16:41:45,525 [Worker-2] INFO  o.e.m.c.i.e.AbstractTransferListenerAdapter - Downloaded http://repository.primefaces.org/org/primefaces/themes/sunny/1.0.8/sunny-1.0.8.pom
2016-04-10 16:41:45,597 [Worker-2] INFO  o.e.m.c.i.e.AbstractTransferListenerAdapter - Downloading http://repository.primefaces.org/org/primefaces/themes/swanky-purse/1.0.8/swanky-purse-1.0.8.pom
2016-04-10 16:41:45,642 [Worker-2] INFO  o.e.m.c.i.e.AbstractTransferListenerAdapter - Downloaded http://repository.primefaces.org/org/primefaces/themes/swanky-purse/1.0.8/swanky-purse-1.0.8.pom
2016-04-10 16:41:45,730 [Worker-2] INFO  o.e.m.c.i.e.AbstractTransferListenerAdapter - Downloading http://repository.primefaces.org/org/primefaces/themes/trontastic/1.0.8/trontastic-1.0.8.pom
2016-04-10 16:41:45,769 [Worker-2] INFO  o.e.m.c.i.e.AbstractTransferListenerAdapter - Downloaded http://repository.primefaces.org/org/primefaces/themes/trontastic/1.0.8/trontastic-1.0.8.pom
2016-04-10 16:41:45,872 [Worker-2] INFO  o.e.m.c.i.e.AbstractTransferListenerAdapter - Downloading http://repository.primefaces.org/org/primefaces/themes/ui-darkness/1.0.8/ui-darkness-1.0.8.pom
2016-04-10 16:41:45,910 [Worker-2] INFO  o.e.m.c.i.e.AbstractTransferListenerAdapter - Downloaded http://repository.primefaces.org/org/primefaces/themes/ui-darkness/1.0.8/ui-darkness-1.0.8.pom
2016-04-10 16:41:45,995 [Worker-2] INFO  o.e.m.c.i.e.AbstractTransferListenerAdapter - Downloading http://repository.primefaces.org/org/primefaces/themes/ui-lightness/1.0.8/ui-lightness-1.0.8.pom
2016-04-10 16:41:46,036 [Worker-2] INFO  o.e.m.c.i.e.AbstractTransferListenerAdapter - Downloaded http://repository.primefaces.org/org/primefaces/themes/ui-lightness/1.0.8/ui-lightness-1.0.8.pom
2016-04-10 16:41:46,136 [Worker-2] INFO  o.e.m.c.i.e.AbstractTransferListenerAdapter - Downloading http://repository.primefaces.org/org/primefaces/themes/vader/1.0.8/vader-1.0.8.pom
2016-04-10 16:41:46,187 [Worker-2] INFO  o.e.m.c.i.e.AbstractTransferListenerAdapter - Downloaded http://repository.primefaces.org/org/primefaces/themes/vader/1.0.8/vader-1.0.8.pom
2016-04-10 16:41:46,264 [Worker-2] INFO  o.e.m.c.i.e.AbstractTransferListenerAdapter - Downloading http://repository.primefaces.org/org/primefaces/themes/home/1.0.8/home-1.0.8.pom
2016-04-10 16:41:46,305 [Worker-2] INFO  o.e.m.c.i.e.AbstractTransferListenerAdapter - Downloaded http://repository.primefaces.org/org/primefaces/themes/home/1.0.8/home-1.0.8.pom
2016-04-10 16:41:46,927 [Worker-2] INFO  o.e.m.c.i.e.AbstractTransferListenerAdapter - Downloaded http://repository.primefaces.org/org/springframework/spring-context/4.2.5.RELEASE/spring-context-4.2.5.RELEASE.jar
2016-04-10 16:41:47,043 [Worker-2] INFO  o.e.m.c.i.e.AbstractTransferListenerAdapter - Downloaded http://repository.primefaces.org/org/springframework/spring-aop/4.2.5.RELEASE/spring-aop-4.2.5.RELEASE.jar
2016-04-10 16:41:47,127 [Worker-2] INFO  o.e.m.c.i.e.AbstractTransferListenerAdapter - Downloaded http://repository.primefaces.org/org/springframework/spring-beans/4.2.5.RELEASE/spring-beans-4.2.5.RELEASE.jar
2016-04-10 16:41:47,214 [Worker-2] INFO  o.e.m.c.i.e.AbstractTransferListenerAdapter - Downloaded http://repository.primefaces.org/org/springframework/spring-core/4.2.5.RELEASE/spring-core-4.2.5.RELEASE.jar
2016-04-10 16:41:47,328 [Worker-2] INFO  o.e.m.c.i.e.AbstractTransferListenerAdapter - Downloaded http://repository.primefaces.org/org/springframework/spring-expression/4.2.5.RELEASE/spring-expression-4.2.5.RELEASE.jar
2016-04-10 16:41:47,553 [Worker-2] INFO  o.e.m.c.i.e.AbstractTransferListenerAdapter - Downloaded http://repository.primefaces.org/org/springframework/spring-web/4.2.5.RELEASE/spring-web-4.2.5.RELEASE.jar
2016-04-10 16:41:47,668 [Worker-2] INFO  o.e.m.c.i.e.AbstractTransferListenerAdapter - Downloaded http://repository.primefaces.org/org/primefaces/primefaces/5.3/primefaces-5.3.jar
2016-04-10 16:41:47,760 [Worker-2] INFO  o.e.m.c.i.e.AbstractTransferListenerAdapter - Downloading http://repository.primefaces.org/org/primefaces/themes/afterdark/1.0.8/afterdark-1.0.8.jar
2016-04-10 16:41:47,967 [Worker-2] INFO  o.e.m.c.i.e.AbstractTransferListenerAdapter - Downloaded http://repository.primefaces.org/org/primefaces/themes/afterdark/1.0.8/afterdark-1.0.8.jar
2016-04-10 16:41:48,003 [Worker-2] INFO  o.e.m.c.i.e.AbstractTransferListenerAdapter - Downloading http://repository.primefaces.org/org/primefaces/themes/afternoon/1.0.8/afternoon-1.0.8.jar
2016-04-10 16:41:48,168 [Worker-2] INFO  o.e.m.c.i.e.AbstractTransferListenerAdapter - Downloaded http://repository.primefaces.org/org/primefaces/themes/afternoon/1.0.8/afternoon-1.0.8.jar
2016-04-10 16:41:48,201 [Worker-2] INFO  o.e.m.c.i.e.AbstractTransferListenerAdapter - Downloading http://repository.primefaces.org/org/primefaces/themes/afterwork/1.0.8/afterwork-1.0.8.jar
2016-04-10 16:41:48,289 [Worker-2] INFO  o.e.m.c.i.e.AbstractTransferListenerAdapter - Downloaded http://repository.primefaces.org/org/primefaces/themes/afterwork/1.0.8/afterwork-1.0.8.jar
2016-04-10 16:41:48,318 [Worker-2] INFO  o.e.m.c.i.e.AbstractTransferListenerAdapter - Downloading http://repository.primefaces.org/org/primefaces/themes/black-tie/1.0.8/black-tie-1.0.8.jar
2016-04-10 16:41:48,406 [Worker-2] INFO  o.e.m.c.i.e.AbstractTransferListenerAdapter - Downloaded http://repository.primefaces.org/org/primefaces/themes/black-tie/1.0.8/black-tie-1.0.8.jar
2016-04-10 16:41:48,440 [Worker-2] INFO  o.e.m.c.i.e.AbstractTransferListenerAdapter - Downloading http://repository.primefaces.org/org/primefaces/themes/blitzer/1.0.8/blitzer-1.0.8.jar
2016-04-10 16:41:48,485 [Worker-2] INFO  o.e.m.c.i.e.AbstractTransferListenerAdapter - Downloaded http://repository.primefaces.org/org/primefaces/themes/blitzer/1.0.8/blitzer-1.0.8.jar
2016-04-10 16:41:48,518 [Worker-2] INFO  o.e.m.c.i.e.AbstractTransferListenerAdapter - Downloading http://repository.primefaces.org/org/primefaces/themes/bluesky/1.0.8/bluesky-1.0.8.jar
2016-04-10 16:41:48,570 [Worker-2] INFO  o.e.m.c.i.e.AbstractTransferListenerAdapter - Downloaded http://repository.primefaces.org/org/primefaces/themes/bluesky/1.0.8/bluesky-1.0.8.jar
2016-04-10 16:41:48,615 [Worker-2] INFO  o.e.m.c.i.e.AbstractTransferListenerAdapter - Downloading http://repository.primefaces.org/org/primefaces/themes/bootstrap/1.0.8/bootstrap-1.0.8.jar
2016-04-10 16:41:48,671 [Worker-2] INFO  o.e.m.c.i.e.AbstractTransferListenerAdapter - Downloaded http://repository.primefaces.org/org/primefaces/themes/bootstrap/1.0.8/bootstrap-1.0.8.jar
2016-04-10 16:41:48,705 [Worker-2] INFO  o.e.m.c.i.e.AbstractTransferListenerAdapter - Downloading http://repository.primefaces.org/org/primefaces/themes/casablanca/1.0.8/casablanca-1.0.8.jar
2016-04-10 16:41:48,764 [Worker-2] INFO  o.e.m.c.i.e.AbstractTransferListenerAdapter - Downloaded http://repository.primefaces.org/org/primefaces/themes/casablanca/1.0.8/casablanca-1.0.8.jar
2016-04-10 16:41:48,795 [Worker-2] INFO  o.e.m.c.i.e.AbstractTransferListenerAdapter - Downloading http://repository.primefaces.org/org/primefaces/themes/cruze/1.0.8/cruze-1.0.8.jar
2016-04-10 16:41:48,863 [Worker-2] INFO  o.e.m.c.i.e.AbstractTransferListenerAdapter - Downloaded http://repository.primefaces.org/org/primefaces/themes/cruze/1.0.8/cruze-1.0.8.jar
2016-04-10 16:41:48,900 [Worker-2] INFO  o.e.m.c.i.e.AbstractTransferListenerAdapter - Downloading http://repository.primefaces.org/org/primefaces/themes/cupertino/1.0.8/cupertino-1.0.8.jar
2016-04-10 16:41:48,965 [Worker-2] INFO  o.e.m.c.i.e.AbstractTransferListenerAdapter - Downloaded http://repository.primefaces.org/org/primefaces/themes/cupertino/1.0.8/cupertino-1.0.8.jar
2016-04-10 16:41:49,005 [Worker-2] INFO  o.e.m.c.i.e.AbstractTransferListenerAdapter - Downloading http://repository.primefaces.org/org/primefaces/themes/dark-hive/1.0.8/dark-hive-1.0.8.jar
2016-04-10 16:41:49,073 [Worker-2] INFO  o.e.m.c.i.e.AbstractTransferListenerAdapter - Downloaded http://repository.primefaces.org/org/primefaces/themes/dark-hive/1.0.8/dark-hive-1.0.8.jar
2016-04-10 16:41:49,111 [Worker-2] INFO  o.e.m.c.i.e.AbstractTransferListenerAdapter - Downloading http://repository.primefaces.org/org/primefaces/themes/dot-luv/1.0.8/dot-luv-1.0.8.jar
2016-04-10 16:41:49,174 [Worker-2] INFO  o.e.m.c.i.e.AbstractTransferListenerAdapter - Downloaded http://repository.primefaces.org/org/primefaces/themes/dot-luv/1.0.8/dot-luv-1.0.8.jar
2016-04-10 16:41:49,258 [Worker-2] INFO  o.e.m.c.i.e.AbstractTransferListenerAdapter - Downloading http://repository.primefaces.org/org/primefaces/themes/eggplant/1.0.8/eggplant-1.0.8.jar
2016-04-10 16:41:49,333 [Worker-2] INFO  o.e.m.c.i.e.AbstractTransferListenerAdapter - Downloaded http://repository.primefaces.org/org/primefaces/themes/eggplant/1.0.8/eggplant-1.0.8.jar
2016-04-10 16:41:49,373 [Worker-2] INFO  o.e.m.c.i.e.AbstractTransferListenerAdapter - Downloading http://repository.primefaces.org/org/primefaces/themes/excite-bike/1.0.8/excite-bike-1.0.8.jar
2016-04-10 16:41:49,434 [Worker-2] INFO  o.e.m.c.i.e.AbstractTransferListenerAdapter - Downloaded http://repository.primefaces.org/org/primefaces/themes/excite-bike/1.0.8/excite-bike-1.0.8.jar
2016-04-10 16:41:49,467 [Worker-2] INFO  o.e.m.c.i.e.AbstractTransferListenerAdapter - Downloading http://repository.primefaces.org/org/primefaces/themes/flick/1.0.8/flick-1.0.8.jar
2016-04-10 16:41:49,534 [Worker-2] INFO  o.e.m.c.i.e.AbstractTransferListenerAdapter - Downloaded http://repository.primefaces.org/org/primefaces/themes/flick/1.0.8/flick-1.0.8.jar
2016-04-10 16:41:49,572 [Worker-2] INFO  o.e.m.c.i.e.AbstractTransferListenerAdapter - Downloading http://repository.primefaces.org/org/primefaces/themes/glass-x/1.0.8/glass-x-1.0.8.jar
2016-04-10 16:41:49,624 [Worker-2] INFO  o.e.m.c.i.e.AbstractTransferListenerAdapter - Downloaded http://repository.primefaces.org/org/primefaces/themes/glass-x/1.0.8/glass-x-1.0.8.jar
2016-04-10 16:41:49,666 [Worker-2] INFO  o.e.m.c.i.e.AbstractTransferListenerAdapter - Downloading http://repository.primefaces.org/org/primefaces/themes/hot-sneaks/1.0.8/hot-sneaks-1.0.8.jar
2016-04-10 16:41:49,751 [Worker-2] INFO  o.e.m.c.i.e.AbstractTransferListenerAdapter - Downloaded http://repository.primefaces.org/org/primefaces/themes/hot-sneaks/1.0.8/hot-sneaks-1.0.8.jar
2016-04-10 16:41:49,800 [Worker-2] INFO  o.e.m.c.i.e.AbstractTransferListenerAdapter - Downloading http://repository.primefaces.org/org/primefaces/themes/humanity/1.0.8/humanity-1.0.8.jar
2016-04-10 16:41:49,930 [Worker-2] INFO  o.e.m.c.i.e.AbstractTransferListenerAdapter - Downloaded http://repository.primefaces.org/org/primefaces/themes/humanity/1.0.8/humanity-1.0.8.jar
2016-04-10 16:41:49,970 [Worker-2] INFO  o.e.m.c.i.e.AbstractTransferListenerAdapter - Downloading http://repository.primefaces.org/org/primefaces/themes/le-frog/1.0.8/le-frog-1.0.8.jar
2016-04-10 16:41:50,065 [Worker-2] INFO  o.e.m.c.i.e.AbstractTransferListenerAdapter - Downloaded http://repository.primefaces.org/org/primefaces/themes/le-frog/1.0.8/le-frog-1.0.8.jar
2016-04-10 16:41:50,100 [Worker-2] INFO  o.e.m.c.i.e.AbstractTransferListenerAdapter - Downloading http://repository.primefaces.org/org/primefaces/themes/midnight/1.0.8/midnight-1.0.8.jar
2016-04-10 16:41:50,163 [Worker-2] INFO  o.e.m.c.i.e.AbstractTransferListenerAdapter - Downloaded http://repository.primefaces.org/org/primefaces/themes/midnight/1.0.8/midnight-1.0.8.jar
2016-04-10 16:41:50,193 [Worker-2] INFO  o.e.m.c.i.e.AbstractTransferListenerAdapter - Downloading http://repository.primefaces.org/org/primefaces/themes/mint-choc/1.0.8/mint-choc-1.0.8.jar
2016-04-10 16:41:50,295 [Worker-2] INFO  o.e.m.c.i.e.AbstractTransferListenerAdapter - Downloaded http://repository.primefaces.org/org/primefaces/themes/mint-choc/1.0.8/mint-choc-1.0.8.jar
2016-04-10 16:41:50,332 [Worker-2] INFO  o.e.m.c.i.e.AbstractTransferListenerAdapter - Downloading http://repository.primefaces.org/org/primefaces/themes/overcast/1.0.8/overcast-1.0.8.jar
2016-04-10 16:41:50,398 [Worker-2] INFO  o.e.m.c.i.e.AbstractTransferListenerAdapter - Downloaded http://repository.primefaces.org/org/primefaces/themes/overcast/1.0.8/overcast-1.0.8.jar
2016-04-10 16:41:50,433 [Worker-2] INFO  o.e.m.c.i.e.AbstractTransferListenerAdapter - Downloading http://repository.primefaces.org/org/primefaces/themes/pepper-grinder/1.0.8/pepper-grinder-1.0.8.jar
2016-04-10 16:41:50,587 [Worker-2] INFO  o.e.m.c.i.e.AbstractTransferListenerAdapter - Downloaded http://repository.primefaces.org/org/primefaces/themes/pepper-grinder/1.0.8/pepper-grinder-1.0.8.jar
2016-04-10 16:41:50,625 [Worker-2] INFO  o.e.m.c.i.e.AbstractTransferListenerAdapter - Downloading http://repository.primefaces.org/org/primefaces/themes/redmond/1.0.8/redmond-1.0.8.jar
2016-04-10 16:41:50,707 [Worker-2] INFO  o.e.m.c.i.e.AbstractTransferListenerAdapter - Downloaded http://repository.primefaces.org/org/primefaces/themes/redmond/1.0.8/redmond-1.0.8.jar
2016-04-10 16:41:50,747 [Worker-2] INFO  o.e.m.c.i.e.AbstractTransferListenerAdapter - Downloading http://repository.primefaces.org/org/primefaces/themes/rocket/1.0.8/rocket-1.0.8.jar
2016-04-10 16:41:50,848 [Worker-2] INFO  o.e.m.c.i.e.AbstractTransferListenerAdapter - Downloaded http://repository.primefaces.org/org/primefaces/themes/rocket/1.0.8/rocket-1.0.8.jar
2016-04-10 16:41:50,879 [Worker-2] INFO  o.e.m.c.i.e.AbstractTransferListenerAdapter - Downloading http://repository.primefaces.org/org/primefaces/themes/sam/1.0.8/sam-1.0.8.jar
2016-04-10 16:41:50,948 [Worker-2] INFO  o.e.m.c.i.e.AbstractTransferListenerAdapter - Downloaded http://repository.primefaces.org/org/primefaces/themes/sam/1.0.8/sam-1.0.8.jar
2016-04-10 16:41:50,982 [Worker-2] INFO  o.e.m.c.i.e.AbstractTransferListenerAdapter - Downloading http://repository.primefaces.org/org/primefaces/themes/smoothness/1.0.8/smoothness-1.0.8.jar
2016-04-10 16:41:51,069 [Worker-2] INFO  o.e.m.c.i.e.AbstractTransferListenerAdapter - Downloaded http://repository.primefaces.org/org/primefaces/themes/smoothness/1.0.8/smoothness-1.0.8.jar
2016-04-10 16:41:51,104 [Worker-2] INFO  o.e.m.c.i.e.AbstractTransferListenerAdapter - Downloading http://repository.primefaces.org/org/primefaces/themes/south-street/1.0.8/south-street-1.0.8.jar
2016-04-10 16:41:51,178 [Worker-2] INFO  o.e.m.c.i.e.AbstractTransferListenerAdapter - Downloaded http://repository.primefaces.org/org/primefaces/themes/south-street/1.0.8/south-street-1.0.8.jar
2016-04-10 16:41:51,215 [Worker-2] INFO  o.e.m.c.i.e.AbstractTransferListenerAdapter - Downloading http://repository.primefaces.org/org/primefaces/themes/start/1.0.8/start-1.0.8.jar
2016-04-10 16:41:51,306 [Worker-2] INFO  o.e.m.c.i.e.AbstractTransferListenerAdapter - Downloaded http://repository.primefaces.org/org/primefaces/themes/start/1.0.8/start-1.0.8.jar
2016-04-10 16:41:51,343 [Worker-2] INFO  o.e.m.c.i.e.AbstractTransferListenerAdapter - Downloading http://repository.primefaces.org/org/primefaces/themes/sunny/1.0.8/sunny-1.0.8.jar
2016-04-10 16:41:51,690 [Worker-2] INFO  o.e.m.c.i.e.AbstractTransferListenerAdapter - Downloaded http://repository.primefaces.org/org/primefaces/themes/sunny/1.0.8/sunny-1.0.8.jar
2016-04-10 16:41:51,743 [Worker-2] INFO  o.e.m.c.i.e.AbstractTransferListenerAdapter - Downloading http://repository.primefaces.org/org/primefaces/themes/swanky-purse/1.0.8/swanky-purse-1.0.8.jar
2016-04-10 16:41:51,886 [Worker-2] INFO  o.e.m.c.i.e.AbstractTransferListenerAdapter - Downloaded http://repository.primefaces.org/org/primefaces/themes/swanky-purse/1.0.8/swanky-purse-1.0.8.jar
2016-04-10 16:41:51,931 [Worker-2] INFO  o.e.m.c.i.e.AbstractTransferListenerAdapter - Downloading http://repository.primefaces.org/org/primefaces/themes/trontastic/1.0.8/trontastic-1.0.8.jar
2016-04-10 16:41:52,052 [Worker-2] INFO  o.e.m.c.i.e.AbstractTransferListenerAdapter - Downloaded http://repository.primefaces.org/org/primefaces/themes/trontastic/1.0.8/trontastic-1.0.8.jar
2016-04-10 16:41:52,085 [Worker-2] INFO  o.e.m.c.i.e.AbstractTransferListenerAdapter - Downloading http://repository.primefaces.org/org/primefaces/themes/ui-darkness/1.0.8/ui-darkness-1.0.8.jar
2016-04-10 16:41:52,157 [Worker-2] INFO  o.e.m.c.i.e.AbstractTransferListenerAdapter - Downloaded http://repository.primefaces.org/org/primefaces/themes/ui-darkness/1.0.8/ui-darkness-1.0.8.jar
2016-04-10 16:41:52,195 [Worker-2] INFO  o.e.m.c.i.e.AbstractTransferListenerAdapter - Downloading http://repository.primefaces.org/org/primefaces/themes/ui-lightness/1.0.8/ui-lightness-1.0.8.jar
2016-04-10 16:41:52,280 [Worker-2] INFO  o.e.m.c.i.e.AbstractTransferListenerAdapter - Downloaded http://repository.primefaces.org/org/primefaces/themes/ui-lightness/1.0.8/ui-lightness-1.0.8.jar
2016-04-10 16:41:52,332 [Worker-2] INFO  o.e.m.c.i.e.AbstractTransferListenerAdapter - Downloading http://repository.primefaces.org/org/primefaces/themes/vader/1.0.8/vader-1.0.8.jar
2016-04-10 16:41:52,460 [Worker-2] INFO  o.e.m.c.i.e.AbstractTransferListenerAdapter - Downloaded http://repository.primefaces.org/org/primefaces/themes/vader/1.0.8/vader-1.0.8.jar
2016-04-10 16:41:52,500 [Worker-2] INFO  o.e.m.c.i.e.AbstractTransferListenerAdapter - Downloading http://repository.primefaces.org/org/primefaces/themes/home/1.0.8/home-1.0.8.jar
2016-04-10 16:41:52,590 [Worker-2] INFO  o.e.m.c.i.e.AbstractTransferListenerAdapter - Downloaded http://repository.primefaces.org/org/primefaces/themes/home/1.0.8/home-1.0.8.jar
2016-04-10 16:41:57,343 [Worker-2] INFO  o.e.m.c.i.e.AbstractTransferListenerAdapter - Downloading https://repo.maven.apache.org/maven2/org/springframework/spring-context/4.2.5.RELEASE/spring-context-4.2.5.RELEASE.jar
2016-04-10 16:41:58,432 [Worker-2] INFO  o.e.m.c.i.e.AbstractTransferListenerAdapter - Downloaded https://repo.maven.apache.org/maven2/org/springframework/spring-context/4.2.5.RELEASE/spring-context-4.2.5.RELEASE.jar
2016-04-10 16:41:58,470 [Worker-2] INFO  o.e.m.c.i.e.AbstractTransferListenerAdapter - Downloading https://repo.maven.apache.org/maven2/org/springframework/spring-aop/4.2.5.RELEASE/spring-aop-4.2.5.RELEASE.jar
2016-04-10 16:41:58,709 [Worker-2] INFO  o.e.m.c.i.e.AbstractTransferListenerAdapter - Downloaded https://repo.maven.apache.org/maven2/org/springframework/spring-aop/4.2.5.RELEASE/spring-aop-4.2.5.RELEASE.jar
2016-04-10 16:41:58,743 [Worker-2] INFO  o.e.m.c.i.e.AbstractTransferListenerAdapter - Downloading https://repo.maven.apache.org/maven2/org/springframework/spring-beans/4.2.5.RELEASE/spring-beans-4.2.5.RELEASE.jar
2016-04-10 16:41:59,242 [Worker-2] INFO  o.e.m.c.i.e.AbstractTransferListenerAdapter - Downloaded https://repo.maven.apache.org/maven2/org/springframework/spring-beans/4.2.5.RELEASE/spring-beans-4.2.5.RELEASE.jar
2016-04-10 16:41:59,287 [Worker-2] INFO  o.e.m.c.i.e.AbstractTransferListenerAdapter - Downloading https://repo.maven.apache.org/maven2/org/springframework/spring-core/4.2.5.RELEASE/spring-core-4.2.5.RELEASE.jar
2016-04-10 16:42:00,077 [Worker-2] INFO  o.e.m.c.i.e.AbstractTransferListenerAdapter - Downloaded https://repo.maven.apache.org/maven2/org/springframework/spring-core/4.2.5.RELEASE/spring-core-4.2.5.RELEASE.jar
2016-04-10 16:42:00,112 [Worker-2] INFO  o.e.m.c.i.e.AbstractTransferListenerAdapter - Downloading https://repo.maven.apache.org/maven2/org/springframework/spring-expression/4.2.5.RELEASE/spring-expression-4.2.5.RELEASE.jar
2016-04-10 16:42:00,298 [Worker-2] INFO  o.e.m.c.i.e.AbstractTransferListenerAdapter - Downloaded https://repo.maven.apache.org/maven2/org/springframework/spring-expression/4.2.5.RELEASE/spring-expression-4.2.5.RELEASE.jar
2016-04-10 16:42:00,329 [Worker-2] INFO  o.e.m.c.i.e.AbstractTransferListenerAdapter - Downloading https://repo.maven.apache.org/maven2/org/springframework/spring-web/4.2.5.RELEASE/spring-web-4.2.5.RELEASE.jar
2016-04-10 16:42:00,880 [Worker-2] INFO  o.e.m.c.i.e.AbstractTransferListenerAdapter - Downloaded https://repo.maven.apache.org/maven2/org/springframework/spring-web/4.2.5.RELEASE/spring-web-4.2.5.RELEASE.jar
2016-04-10 16:42:00,918 [Worker-2] INFO  o.e.m.c.i.e.AbstractTransferListenerAdapter - Downloading https://repo.maven.apache.org/maven2/org/primefaces/primefaces/5.3/primefaces-5.3.jar
2016-04-10 16:42:03,085 [Worker-2] INFO  o.e.m.c.i.e.AbstractTransferListenerAdapter - Downloaded https://repo.maven.apache.org/maven2/org/primefaces/primefaces/5.3/primefaces-5.3.jar
2016-04-10 16:42:06,874 [Worker-2] WARN  o.e.m.c.i.embedder.EclipseLogger - Using platform encoding (Cp1252 actually) to copy filtered resources, i.e. build is platform dependent!
2016-04-10 16:42:06,877 [Worker-2] INFO  o.e.m.c.i.embedder.EclipseLogger - skip non existing resourceDirectory C:\git\PlantPlaces\src\main\resources
2016-04-10 16:42:06,880 [Worker-2] WARN  o.e.m.c.i.embedder.EclipseLogger - Using platform encoding (Cp1252 actually) to copy filtered resources, i.e. build is platform dependent!
2016-04-10 16:42:06,882 [Worker-2] INFO  o.e.m.c.i.embedder.EclipseLogger - skip non existing resourceDirectory C:\git\PlantPlaces\src\test\resources
2016-04-10 16:42:14,573 [Worker-3] WARN  o.e.m.c.i.embedder.EclipseLogger - Using platform encoding (Cp1252 actually) to copy filtered resources, i.e. build is platform dependent!
2016-04-10 16:42:14,576 [Worker-3] INFO  o.e.m.c.i.embedder.EclipseLogger - skip non existing resourceDirectory C:\git\PlantPlaces\src\main\resources
2016-04-10 16:42:14,581 [Worker-3] WARN  o.e.m.c.i.embedder.EclipseLogger - Using platform encoding (Cp1252 actually) to copy filtered resources, i.e. build is platform dependent!
2016-04-10 16:42:14,584 [Worker-3] INFO  o.e.m.c.i.embedder.EclipseLogger - skip non existing resourceDirectory C:\git\PlantPlaces\src\test\resources
2016-04-10 16:49:56,117 [Worker-3] WARN  o.e.m.c.i.embedder.EclipseLogger - Using platform encoding (Cp1252 actually) to copy filtered resources, i.e. build is platform dependent!
2016-04-10 16:49:56,289 [Worker-3] INFO  o.e.m.c.i.embedder.EclipseLogger - skip non existing resourceDirectory C:\git\PlantPlace\src\main\resources
2016-04-10 16:49:56,289 [Worker-3] WARN  o.e.m.c.i.embedder.EclipseLogger - Using platform encoding (Cp1252 actually) to copy filtered resources, i.e. build is platform dependent!
2016-04-10 16:49:56,289 [Worker-3] INFO  o.e.m.c.i.embedder.EclipseLogger - skip non existing resourceDirectory C:\git\PlantPlace\src\test\resources
